# JRE version: OpenJDK Runtime Environment Temurin-21.0.10+7 (21.0.10+7) (build 21.0.10+7-LTS)
# Java VM: OpenJDK 64-Bit Server VM Temurin-21.0.10+7 (21.0.10+7-LTS, mixed mode, sharing, tiered, compressed oops, compressed class ptrs, parallel gc, windows-amd64)
GC Precious Log:
 CardTable entry size: 512
 CPUs: 12 total, 12 available
 Memory: 7971M
 Large Page Support: Disabled
 NUMA Support: Disabled
 Compressed Oops: Enabled (32-bit)
 Alignments: Space 512K, Generation 512K, Heap 2M
 Heap Min Capacity: 100M
 Heap Initial Capacity: 100M
 Heap Max Capacity: 2G
 Pre-touch: Disabled
 Parallel Workers: 10
Heap:
 PSYoungGen      total 2560K, used 865K [0x00000000d5580000, 0x00000000d5f00000, 0x0000000100000000)
  eden space 2048K, 28% used [0x00000000d5580000,0x00000000d5610748,0x00000000d5780000)
  from space 512K, 56% used [0x00000000d5e80000,0x00000000d5ec8000,0x00000000d5f00000)
  to   space 512K, 0% used [0x00000000d5e00000,0x00000000d5e00000,0x00000000d5e80000)
 ParOldGen       total 669184K, used 668826K [0x0000000080000000, 0x00000000a8d80000, 0x00000000d5580000)
  object space 669184K, 99% used [0x0000000080000000,0x00000000a8d26aa8,0x00000000a8d80000)
 Metaspace       used 88741K, committed 90560K, reserved 1179648K
  class space    used 9192K, committed 10048K, reserved 1048576K
GC Heap History (20 events):
Event: 4055.885 GC heap before
{Heap before GC invocations=1275 (full 6):
 PSYoungGen      total 14336K, used 13646K [0x00000000d5580000, 0x00000000d6a00000, 0x0000000100000000)
  eden space 7680K, 98% used [0x00000000d5580000,0x00000000d5ce8330,0x00000000d5d00000)
  from space 6656K, 91% used [0x00000000d6380000,0x00000000d696b510,0x00000000d6a00000)
  to   space 6656K, 0% used [0x00000000d5d00000,0x00000000d5d00000,0x00000000d6380000)
 ParOldGen       total 631296K, used 631153K [0x0000000080000000, 0x00000000a6880000, 0x00000000d5580000)
  object space 631296K, 99% used [0x0000000080000000,0x00000000a685c678,0x00000000a6880000)
 Metaspace       used 88722K, committed 90496K, reserved 1179648K
  class space    used 9192K, committed 10048K, reserved 1048576K
}
Event: 4055.895 GC heap after
{Heap after GC invocations=1275 (full 6):
 PSYoungGen      total 14336K, used 6642K [0x00000000d5580000, 0x00000000d7a00000, 0x0000000100000000)
  eden space 7680K, 0% used [0x00000000d5580000,0x00000000d5580000,0x00000000d5d00000)
  from space 6656K, 99% used [0x00000000d5d00000,0x00000000d637c800,0x00000000d6380000)
  to   space 14848K, 0% used [0x00000000d6b80000,0x00000000d6b80000,0x00000000d7a00000)
 ParOldGen       total 637952K, used 637700K [0x0000000080000000, 0x00000000a6f00000, 0x00000000d5580000)
  object space 637952K, 99% used [0x0000000080000000,0x00000000a6ec1388,0x00000000a6f00000)
 Metaspace       used 88722K, committed 90496K, reserved 1179648K
  class space    used 9192K, committed 10048K, reserved 1048576K
}
Event: 4055.995 GC heap before
{Heap before GC invocations=1276 (full 6):
 PSYoungGen      total 14336K, used 14322K [0x00000000d5580000, 0x00000000d7a00000, 0x0000000100000000)
  eden space 7680K, 100% used [0x00000000d5580000,0x00000000d5d00000,0x00000000d5d00000)
  from space 6656K, 99% used [0x00000000d5d00000,0x00000000d637c800,0x00000000d6380000)
  to   space 14848K, 0% used [0x00000000d6b80000,0x00000000d6b80000,0x00000000d7a00000)
 ParOldGen       total 637952K, used 637700K [0x0000000080000000, 0x00000000a6f00000, 0x00000000d5580000)
  object space 637952K, 99% used [0x0000000080000000,0x00000000a6ec1388,0x00000000a6f00000)
 Metaspace       used 88725K, committed 90560K, reserved 1179648K
  class space    used 9192K, committed 10048K, reserved 1048576K
}
Event: 4056.006 GC heap after
{Heap after GC invocations=1276 (full 6):
 PSYoungGen      total 14336K, used 6560K [0x00000000d5580000, 0x00000000d7200000, 0x0000000100000000)
  eden space 7680K, 0% used [0x00000000d5580000,0x00000000d5580000,0x00000000d5d00000)
  from space 6656K, 98% used [0x00000000d6b80000,0x00000000d71e8000,0x00000000d7200000)
  to   space 9216K, 0% used [0x00000000d6000000,0x00000000d6000000,0x00000000d6900000)
 ParOldGen       total 644608K, used 644212K [0x0000000080000000, 0x00000000a7580000, 0x00000000d5580000)
  object space 644608K, 99% used [0x0000000080000000,0x00000000a751d388,0x00000000a7580000)
 Metaspace       used 88725K, committed 90560K, reserved 1179648K
  class space    used 9192K, committed 10048K, reserved 1048576K
}
Event: 4056.302 GC heap before
{Heap before GC invocations=1277 (full 6):
 PSYoungGen      total 14336K, used 14240K [0x00000000d5580000, 0x00000000d7200000, 0x0000000100000000)
  eden space 7680K, 100% used [0x00000000d5580000,0x00000000d5d00000,0x00000000d5d00000)
  from space 6656K, 98% used [0x00000000d6b80000,0x00000000d71e8000,0x00000000d7200000)
  to   space 9216K, 0% used [0x00000000d6000000,0x00000000d6000000,0x00000000d6900000)
 ParOldGen       total 644608K, used 644212K [0x0000000080000000, 0x00000000a7580000, 0x00000000d5580000)
  object space 644608K, 99% used [0x0000000080000000,0x00000000a751d388,0x00000000a7580000)
 Metaspace       used 88726K, committed 90560K, reserved 1179648K
  class space    used 9192K, committed 10048K, reserved 1048576K
}
Event: 4056.310 GC heap after
{Heap after GC invocations=1277 (full 6):
 PSYoungGen      total 13312K, used 5517K [0x00000000d5580000, 0x00000000d6c00000, 0x0000000100000000)
  eden space 7680K, 0% used [0x00000000d5580000,0x00000000d5580000,0x00000000d5d00000)
  from space 5632K, 97% used [0x00000000d6000000,0x00000000d65636c0,0x00000000d6580000)
  to   space 6656K, 0% used [0x00000000d6580000,0x00000000d6580000,0x00000000d6c00000)
 ParOldGen       total 648704K, used 648428K [0x0000000080000000, 0x00000000a7980000, 0x00000000d5580000)
  object space 648704K, 99% used [0x0000000080000000,0x00000000a793b388,0x00000000a7980000)
 Metaspace       used 88726K, committed 90560K, reserved 1179648K
  class space    used 9192K, committed 10048K, reserved 1048576K
}
Event: 4056.496 GC heap before
{Heap before GC invocations=1278 (full 6):
 PSYoungGen      total 13312K, used 13025K [0x00000000d5580000, 0x00000000d6c00000, 0x0000000100000000)
  eden space 7680K, 97% used [0x00000000d5580000,0x00000000d5cd4fa0,0x00000000d5d00000)
  from space 5632K, 97% used [0x00000000d6000000,0x00000000d65636c0,0x00000000d6580000)
  to   space 6656K, 0% used [0x00000000d6580000,0x00000000d6580000,0x00000000d6c00000)
 ParOldGen       total 648704K, used 648428K [0x0000000080000000, 0x00000000a7980000, 0x00000000d5580000)
  object space 648704K, 99% used [0x0000000080000000,0x00000000a793b388,0x00000000a7980000)
 Metaspace       used 88726K, committed 90560K, reserved 1179648K
  class space    used 9192K, committed 10048K, reserved 1048576K
}
Event: 4056.506 GC heap after
{Heap after GC invocations=1278 (full 6):
 PSYoungGen      total 8704K, used 6656K [0x00000000d5580000, 0x00000000d7900000, 0x0000000100000000)
  eden space 2048K, 0% used [0x00000000d5580000,0x00000000d5580000,0x00000000d5780000)
  from space 6656K, 100% used [0x00000000d6580000,0x00000000d6c00000,0x00000000d6c00000)
  to   space 14336K, 0% used [0x00000000d5780000,0x00000000d5780000,0x00000000d6580000)
 ParOldGen       total 654848K, used 654457K [0x0000000080000000, 0x00000000a7f80000, 0x00000000d5580000)
  object space 654848K, 99% used [0x0000000080000000,0x00000000a7f1e5a8,0x00000000a7f80000)
 Metaspace       used 88726K, committed 90560K, reserved 1179648K
  class space    used 9192K, committed 10048K, reserved 1048576K
}
Event: 4056.565 GC heap before
{Heap before GC invocations=1279 (full 6):
 PSYoungGen      total 8704K, used 8654K [0x00000000d5580000, 0x00000000d7900000, 0x0000000100000000)
  eden space 2048K, 97% used [0x00000000d5580000,0x00000000d5773b50,0x00000000d5780000)
  from space 6656K, 100% used [0x00000000d6580000,0x00000000d6c00000,0x00000000d6c00000)
  to   space 14336K, 0% used [0x00000000d5780000,0x00000000d5780000,0x00000000d6580000)
 ParOldGen       total 654848K, used 654457K [0x0000000080000000, 0x00000000a7f80000, 0x00000000d5580000)
  object space 654848K, 99% used [0x0000000080000000,0x00000000a7f1e5a8,0x00000000a7f80000)
 Metaspace       used 88726K, committed 90560K, reserved 1179648K
  class space    used 9192K, committed 10048K, reserved 1048576K
}
Event: 4056.575 GC heap after
{Heap after GC invocations=1279 (full 6):
 PSYoungGen      total 4608K, used 2094K [0x00000000d5580000, 0x00000000d6600000, 0x0000000100000000)
  eden space 2048K, 0% used [0x00000000d5580000,0x00000000d5580000,0x00000000d5780000)
  from space 2560K, 81% used [0x00000000d5780000,0x00000000d598bb78,0x00000000d5a00000)
  to   space 6144K, 0% used [0x00000000d6000000,0x00000000d6000000,0x00000000d6600000)
 ParOldGen       total 661504K, used 661110K [0x0000000080000000, 0x00000000a8600000, 0x00000000d5580000)
  object space 661504K, 99% used [0x0000000080000000,0x00000000a859da88,0x00000000a8600000)
 Metaspace       used 88726K, committed 90560K, reserved 1179648K
  class space    used 9192K, committed 10048K, reserved 1048576K
}
Event: 4056.588 GC heap before
{Heap before GC invocations=1280 (full 6):
 PSYoungGen      total 4608K, used 4082K [0x00000000d5580000, 0x00000000d6600000, 0x0000000100000000)
  eden space 2048K, 97% used [0x00000000d5580000,0x00000000d5771078,0x00000000d5780000)
  from space 2560K, 81% used [0x00000000d5780000,0x00000000d598bb78,0x00000000d5a00000)
  to   space 6144K, 0% used [0x00000000d6000000,0x00000000d6000000,0x00000000d6600000)
 ParOldGen       total 661504K, used 661110K [0x0000000080000000, 0x00000000a8600000, 0x00000000d5580000)
  object space 661504K, 99% used [0x0000000080000000,0x00000000a859da88,0x00000000a8600000)
 Metaspace       used 88726K, committed 90560K, reserved 1179648K
  class space    used 9192K, committed 10048K, reserved 1048576K
}
Event: 4056.592 GC heap after
{Heap after GC invocations=1280 (full 6):
 PSYoungGen      total 4608K, used 2121K [0x00000000d5580000, 0x00000000d6280000, 0x0000000100000000)
  eden space 2048K, 0% used [0x00000000d5580000,0x00000000d5580000,0x00000000d5780000)
  from space 2560K, 82% used [0x00000000d6000000,0x00000000d6212790,0x00000000d6280000)
  to   space 3072K, 0% used [0x00000000d5c80000,0x00000000d5c80000,0x00000000d5f80000)
 ParOldGen       total 664064K, used 663602K [0x0000000080000000, 0x00000000a8880000, 0x00000000d5580000)
  object space 664064K, 99% used [0x0000000080000000,0x00000000a880c9d8,0x00000000a8880000)
 Metaspace       used 88726K, committed 90560K, reserved 1179648K
  class space    used 9192K, committed 10048K, reserved 1048576K
}
Event: 4056.621 GC heap before
{Heap before GC invocations=1281 (full 6):
 PSYoungGen      total 4608K, used 4143K [0x00000000d5580000, 0x00000000d6280000, 0x0000000100000000)
  eden space 2048K, 98% used [0x00000000d5580000,0x00000000d5779678,0x00000000d5780000)
  from space 2560K, 82% used [0x00000000d6000000,0x00000000d6212790,0x00000000d6280000)
  to   space 3072K, 0% used [0x00000000d5c80000,0x00000000d5c80000,0x00000000d5f80000)
 ParOldGen       total 664064K, used 663602K [0x0000000080000000, 0x00000000a8880000, 0x00000000d5580000)
  object space 664064K, 99% used [0x0000000080000000,0x00000000a880c9d8,0x00000000a8880000)
 Metaspace       used 88726K, committed 90560K, reserved 1179648K
  class space    used 9192K, committed 10048K, reserved 1048576K
}
Event: 4056.623 GC heap after
{Heap after GC invocations=1281 (full 6):
 PSYoungGen      total 4608K, used 2155K [0x00000000d5580000, 0x00000000d6080000, 0x0000000100000000)
  eden space 2048K, 0% used [0x00000000d5580000,0x00000000d5580000,0x00000000d5780000)
  from space 2560K, 84% used [0x00000000d5c80000,0x00000000d5e9ad60,0x00000000d5f00000)
  to   space 1536K, 0% used [0x00000000d5f00000,0x00000000d5f00000,0x00000000d6080000)
 ParOldGen       total 665600K, used 665576K [0x0000000080000000, 0x00000000a8a00000, 0x00000000d5580000)
  object space 665600K, 99% used [0x0000000080000000,0x00000000a89fa100,0x00000000a8a00000)
 Metaspace       used 88726K, committed 90560K, reserved 1179648K
  class space    used 9192K, committed 10048K, reserved 1048576K
}
Event: 4058.074 GC heap before
{Heap before GC invocations=1282 (full 6):
 PSYoungGen      total 4608K, used 4203K [0x00000000d5580000, 0x00000000d6080000, 0x0000000100000000)
  eden space 2048K, 100% used [0x00000000d5580000,0x00000000d5780000,0x00000000d5780000)
  from space 2560K, 84% used [0x00000000d5c80000,0x00000000d5e9ad60,0x00000000d5f00000)
  to   space 1536K, 0% used [0x00000000d5f00000,0x00000000d5f00000,0x00000000d6080000)
 ParOldGen       total 665600K, used 665576K [0x0000000080000000, 0x00000000a8a00000, 0x00000000d5580000)
  object space 665600K, 99% used [0x0000000080000000,0x00000000a89fa100,0x00000000a8a00000)
 Metaspace       used 88726K, committed 90560K, reserved 1179648K
  class space    used 9192K, committed 10048K, reserved 1048576K
}
Event: 4058.083 GC heap after
{Heap after GC invocations=1282 (full 6):
 PSYoungGen      total 3584K, used 1065K [0x00000000d5580000, 0x00000000d6080000, 0x0000000100000000)
  eden space 2048K, 0% used [0x00000000d5580000,0x00000000d5580000,0x00000000d5780000)
  from space 1536K, 69% used [0x00000000d5f00000,0x00000000d600a688,0x00000000d6080000)
  to   space 1536K, 0% used [0x00000000d5d80000,0x00000000d5d80000,0x00000000d5f00000)
 ParOldGen       total 667648K, used 667529K [0x0000000080000000, 0x00000000a8c00000, 0x00000000d5580000)
  object space 667648K, 99% used [0x0000000080000000,0x00000000a8be2428,0x00000000a8c00000)
 Metaspace       used 88726K, committed 90560K, reserved 1179648K
  class space    used 9192K, committed 10048K, reserved 1048576K
}
Event: 4058.637 GC heap before
{Heap before GC invocations=1283 (full 6):
 PSYoungGen      total 3584K, used 3113K [0x00000000d5580000, 0x00000000d6080000, 0x0000000100000000)
  eden space 2048K, 100% used [0x00000000d5580000,0x00000000d5780000,0x00000000d5780000)
  from space 1536K, 69% used [0x00000000d5f00000,0x00000000d600a688,0x00000000d6080000)
  to   space 1536K, 0% used [0x00000000d5d80000,0x00000000d5d80000,0x00000000d5f00000)
 ParOldGen       total 667648K, used 667529K [0x0000000080000000, 0x00000000a8c00000, 0x00000000d5580000)
  object space 667648K, 99% used [0x0000000080000000,0x00000000a8be2428,0x00000000a8c00000)
 Metaspace       used 88727K, committed 90560K, reserved 1179648K
  class space    used 9192K, committed 10048K, reserved 1048576K
}
Event: 4058.645 GC heap after
{Heap after GC invocations=1283 (full 6):
 PSYoungGen      total 3072K, used 544K [0x00000000d5580000, 0x00000000d5f80000, 0x0000000100000000)
  eden space 2048K, 0% used [0x00000000d5580000,0x00000000d5580000,0x00000000d5780000)
  from space 1024K, 53% used [0x00000000d5d80000,0x00000000d5e08020,0x00000000d5e80000)
  to   space 1024K, 0% used [0x00000000d5e80000,0x00000000d5e80000,0x00000000d5f80000)
 ParOldGen       total 668672K, used 668450K [0x0000000080000000, 0x00000000a8d00000, 0x00000000d5580000)
  object space 668672K, 99% used [0x0000000080000000,0x00000000a8cc8a88,0x00000000a8d00000)
 Metaspace       used 88727K, committed 90560K, reserved 1179648K
  class space    used 9192K, committed 10048K, reserved 1048576K
}
Event: 4105.793 GC heap before
{Heap before GC invocations=1284 (full 6):
 PSYoungGen      total 3072K, used 2592K [0x00000000d5580000, 0x00000000d5f80000, 0x0000000100000000)
  eden space 2048K, 100% used [0x00000000d5580000,0x00000000d5780000,0x00000000d5780000)
  from space 1024K, 53% used [0x00000000d5d80000,0x00000000d5e08020,0x00000000d5e80000)
  to   space 1024K, 0% used [0x00000000d5e80000,0x00000000d5e80000,0x00000000d5f80000)
 ParOldGen       total 668672K, used 668450K [0x0000000080000000, 0x00000000a8d00000, 0x00000000d5580000)
  object space 668672K, 99% used [0x0000000080000000,0x00000000a8cc8a88,0x00000000a8d00000)
 Metaspace       used 88737K, committed 90560K, reserved 1179648K
  class space    used 9192K, committed 10048K, reserved 1048576K
}
Event: 4106.338 GC heap after
{Heap after GC invocations=1284 (full 6):
 PSYoungGen      total 2560K, used 288K [0x00000000d5580000, 0x00000000d5f00000, 0x0000000100000000)
  eden space 2048K, 0% used [0x00000000d5580000,0x00000000d5580000,0x00000000d5780000)
  from space 512K, 56% used [0x00000000d5e80000,0x00000000d5ec8000,0x00000000d5f00000)
  to   space 512K, 0% used [0x00000000d5e00000,0x00000000d5e00000,0x00000000d5e80000)
 ParOldGen       total 669184K, used 668826K [0x0000000080000000, 0x00000000a8d80000, 0x00000000d5580000)
  object space 669184K, 99% used [0x0000000080000000,0x00000000a8d26aa8,0x00000000a8d80000)
 Metaspace       used 88737K, committed 90560K, reserved 1179648K
  class space    used 9192K, committed 10048K, reserved 1048576K
}

