# JRE version: OpenJDK Runtime Environment Temurin-21.0.10+7 (21.0.10+7) (build 21.0.10+7-LTS)
# Java VM: OpenJDK 64-Bit Server VM Temurin-21.0.10+7 (21.0.10+7-LTS, mixed mode, sharing, tiered, compressed oops, compressed class ptrs, parallel gc, windows-amd64)
GC Precious Log:
 CardTable entry size: 512
 CPUs: 12 total, 12 available
 Memory: 7971M
 Large Page Support: Disabled
 NUMA Support: Disabled
 Compressed Oops: Enabled (32-bit)
 Alignments: Space 512K, Generation 512K, Heap 2M
 Heap Min Capacity: 100M
 Heap Initial Capacity: 100M
 Heap Max Capacity: 2G
 Pre-touch: Disabled
 Parallel Workers: 10
Heap:
 PSYoungGen      total 1536K, used 641K [0x00000000d5580000, 0x00000000d5900000, 0x0000000100000000)
  eden space 1024K, 40% used [0x00000000d5580000,0x00000000d55e8688,0x00000000d5680000)
  from space 512K, 43% used [0x00000000d5880000,0x00000000d58b8000,0x00000000d5900000)
  to   space 512K, 0% used [0x00000000d5800000,0x00000000d5800000,0x00000000d5880000)
 ParOldGen       total 292864K, used 292452K [0x0000000080000000, 0x0000000091e00000, 0x00000000d5580000)
  object space 292864K, 99% used [0x0000000080000000,0x0000000091d99238,0x0000000091e00000)
 Metaspace       used 75236K, committed 76928K, reserved 1179648K
  class space    used 7969K, committed 8704K, reserved 1048576K
GC Heap History (20 events):
Event: 198.683 GC heap before
{Heap before GC invocations=380 (full 3):
 PSYoungGen      total 2560K, used 2112K [0x00000000d5580000, 0x00000000d5a00000, 0x0000000100000000)
  eden space 1024K, 99% used [0x00000000d5580000,0x00000000d567d8f8,0x00000000d5680000)
  from space 1536K, 71% used [0x00000000d5880000,0x00000000d5992a88,0x00000000d5a00000)
  to   space 1536K, 0% used [0x00000000d5700000,0x00000000d5700000,0x00000000d5880000)
 ParOldGen       total 289280K, used 289020K [0x0000000080000000, 0x0000000091a80000, 0x00000000d5580000)
  object space 289280K, 99% used [0x0000000080000000,0x0000000091a3f248,0x0000000091a80000)
 Metaspace       used 74729K, committed 76352K, reserved 1179648K
  class space    used 7926K, committed 8640K, reserved 1048576K
}
Event: 198.684 GC heap after
{Heap after GC invocations=380 (full 3):
 PSYoungGen      total 2560K, used 1232K [0x00000000d5580000, 0x00000000d5980000, 0x0000000100000000)
  eden space 1024K, 0% used [0x00000000d5580000,0x00000000d5580000,0x00000000d5680000)
  from space 1536K, 80% used [0x00000000d5700000,0x00000000d58341d8,0x00000000d5880000)
  to   space 1024K, 0% used [0x00000000d5880000,0x00000000d5880000,0x00000000d5980000)
 ParOldGen       total 290304K, used 289960K [0x0000000080000000, 0x0000000091b80000, 0x00000000d5580000)
  object space 290304K, 99% used [0x0000000080000000,0x0000000091b2a190,0x0000000091b80000)
 Metaspace       used 74729K, committed 76352K, reserved 1179648K
  class space    used 7926K, committed 8640K, reserved 1048576K
}
Event: 198.956 GC heap before
{Heap before GC invocations=381 (full 3):
 PSYoungGen      total 2560K, used 2256K [0x00000000d5580000, 0x00000000d5980000, 0x0000000100000000)
  eden space 1024K, 100% used [0x00000000d5580000,0x00000000d5680000,0x00000000d5680000)
  from space 1536K, 80% used [0x00000000d5700000,0x00000000d58341d8,0x00000000d5880000)
  to   space 1024K, 0% used [0x00000000d5880000,0x00000000d5880000,0x00000000d5980000)
 ParOldGen       total 290304K, used 289960K [0x0000000080000000, 0x0000000091b80000, 0x00000000d5580000)
  object space 290304K, 99% used [0x0000000080000000,0x0000000091b2a190,0x0000000091b80000)
 Metaspace       used 74736K, committed 76352K, reserved 1179648K
  class space    used 7926K, committed 8640K, reserved 1048576K
}
Event: 198.961 GC heap after
{Heap after GC invocations=381 (full 3):
 PSYoungGen      total 2048K, used 685K [0x00000000d5580000, 0x00000000d5980000, 0x0000000100000000)
  eden space 1024K, 0% used [0x00000000d5580000,0x00000000d5580000,0x00000000d5680000)
  from space 1024K, 66% used [0x00000000d5880000,0x00000000d592b4c8,0x00000000d5980000)
  to   space 1024K, 0% used [0x00000000d5780000,0x00000000d5780000,0x00000000d5880000)
 ParOldGen       total 291328K, used 290957K [0x0000000080000000, 0x0000000091c80000, 0x00000000d5580000)
  object space 291328K, 99% used [0x0000000080000000,0x0000000091c23788,0x0000000091c80000)
 Metaspace       used 74736K, committed 76352K, reserved 1179648K
  class space    used 7926K, committed 8640K, reserved 1048576K
}
Event: 199.090 GC heap before
{Heap before GC invocations=382 (full 3):
 PSYoungGen      total 2048K, used 1709K [0x00000000d5580000, 0x00000000d5980000, 0x0000000100000000)
  eden space 1024K, 100% used [0x00000000d5580000,0x00000000d5680000,0x00000000d5680000)
  from space 1024K, 66% used [0x00000000d5880000,0x00000000d592b4c8,0x00000000d5980000)
  to   space 1024K, 0% used [0x00000000d5780000,0x00000000d5780000,0x00000000d5880000)
 ParOldGen       total 291328K, used 290957K [0x0000000080000000, 0x0000000091c80000, 0x00000000d5580000)
  object space 291328K, 99% used [0x0000000080000000,0x0000000091c23788,0x0000000091c80000)
 Metaspace       used 74740K, committed 76352K, reserved 1179648K
  class space    used 7926K, committed 8640K, reserved 1048576K
}
Event: 199.091 GC heap after
{Heap after GC invocations=382 (full 3):
 PSYoungGen      total 2048K, used 352K [0x00000000d5580000, 0x00000000d5900000, 0x0000000100000000)
  eden space 1024K, 0% used [0x00000000d5580000,0x00000000d5580000,0x00000000d5680000)
  from space 1024K, 34% used [0x00000000d5780000,0x00000000d57d8000,0x00000000d5880000)
  to   space 512K, 0% used [0x00000000d5880000,0x00000000d5880000,0x00000000d5900000)
 ParOldGen       total 291840K, used 291508K [0x0000000080000000, 0x0000000091d00000, 0x00000000d5580000)
  object space 291840K, 99% used [0x0000000080000000,0x0000000091cad1f8,0x0000000091d00000)
 Metaspace       used 74740K, committed 76352K, reserved 1179648K
  class space    used 7926K, committed 8640K, reserved 1048576K
}
Event: 199.615 GC heap before
{Heap before GC invocations=383 (full 3):
 PSYoungGen      total 2048K, used 1376K [0x00000000d5580000, 0x00000000d5900000, 0x0000000100000000)
  eden space 1024K, 100% used [0x00000000d5580000,0x00000000d5680000,0x00000000d5680000)
  from space 1024K, 34% used [0x00000000d5780000,0x00000000d57d8000,0x00000000d5880000)
  to   space 512K, 0% used [0x00000000d5880000,0x00000000d5880000,0x00000000d5900000)
 ParOldGen       total 291840K, used 291508K [0x0000000080000000, 0x0000000091d00000, 0x00000000d5580000)
  object space 291840K, 99% used [0x0000000080000000,0x0000000091cad1f8,0x0000000091d00000)
 Metaspace       used 74753K, committed 76416K, reserved 1179648K
  class space    used 7926K, committed 8640K, reserved 1048576K
}
Event: 199.620 GC heap after
{Heap after GC invocations=383 (full 3):
 PSYoungGen      total 1536K, used 480K [0x00000000d5580000, 0x00000000d5900000, 0x0000000100000000)
  eden space 1024K, 0% used [0x00000000d5580000,0x00000000d5580000,0x00000000d5680000)
  from space 512K, 93% used [0x00000000d5880000,0x00000000d58f8020,0x00000000d5900000)
  to   space 512K, 0% used [0x00000000d5800000,0x00000000d5800000,0x00000000d5880000)
 ParOldGen       total 291840K, used 291668K [0x0000000080000000, 0x0000000091d00000, 0x00000000d5580000)
  object space 291840K, 99% used [0x0000000080000000,0x0000000091cd51f8,0x0000000091d00000)
 Metaspace       used 74753K, committed 76416K, reserved 1179648K
  class space    used 7926K, committed 8640K, reserved 1048576K
}
Event: 200.721 GC heap before
{Heap before GC invocations=384 (full 3):
 PSYoungGen      total 1536K, used 1447K [0x00000000d5580000, 0x00000000d5900000, 0x0000000100000000)
  eden space 1024K, 94% used [0x00000000d5580000,0x00000000d5671f60,0x00000000d5680000)
  from space 512K, 93% used [0x00000000d5880000,0x00000000d58f8020,0x00000000d5900000)
  to   space 512K, 0% used [0x00000000d5800000,0x00000000d5800000,0x00000000d5880000)
 ParOldGen       total 291840K, used 291668K [0x0000000080000000, 0x0000000091d00000, 0x00000000d5580000)
  object space 291840K, 99% used [0x0000000080000000,0x0000000091cd51f8,0x0000000091d00000)
 Metaspace       used 74792K, committed 76416K, reserved 1179648K
  class space    used 7930K, committed 8640K, reserved 1048576K
}
Event: 200.723 GC heap after
{Heap after GC invocations=384 (full 3):
 PSYoungGen      total 1536K, used 288K [0x00000000d5580000, 0x00000000d5900000, 0x0000000100000000)
  eden space 1024K, 0% used [0x00000000d5580000,0x00000000d5580000,0x00000000d5680000)
  from space 512K, 56% used [0x00000000d5800000,0x00000000d5848000,0x00000000d5880000)
  to   space 512K, 0% used [0x00000000d5880000,0x00000000d5880000,0x00000000d5900000)
 ParOldGen       total 292352K, used 291980K [0x0000000080000000, 0x0000000091d80000, 0x00000000d5580000)
  object space 292352K, 99% used [0x0000000080000000,0x0000000091d23218,0x0000000091d80000)
 Metaspace       used 74792K, committed 76416K, reserved 1179648K
  class space    used 7930K, committed 8640K, reserved 1048576K
}
Event: 200.898 GC heap before
{Heap before GC invocations=385 (full 3):
 PSYoungGen      total 1536K, used 1285K [0x00000000d5580000, 0x00000000d5900000, 0x0000000100000000)
  eden space 1024K, 97% used [0x00000000d5580000,0x00000000d5679488,0x00000000d5680000)
  from space 512K, 56% used [0x00000000d5800000,0x00000000d5848000,0x00000000d5880000)
  to   space 512K, 0% used [0x00000000d5880000,0x00000000d5880000,0x00000000d5900000)
 ParOldGen       total 292352K, used 291980K [0x0000000080000000, 0x0000000091d80000, 0x00000000d5580000)
  object space 292352K, 99% used [0x0000000080000000,0x0000000091d23218,0x0000000091d80000)
 Metaspace       used 74832K, committed 76416K, reserved 1179648K
  class space    used 7936K, committed 8640K, reserved 1048576K
}
Event: 200.900 GC heap after
{Heap after GC invocations=385 (full 3):
 PSYoungGen      total 1536K, used 192K [0x00000000d5580000, 0x00000000d5900000, 0x0000000100000000)
  eden space 1024K, 0% used [0x00000000d5580000,0x00000000d5580000,0x00000000d5680000)
  from space 512K, 37% used [0x00000000d5880000,0x00000000d58b0000,0x00000000d5900000)
  to   space 512K, 0% used [0x00000000d5800000,0x00000000d5800000,0x00000000d5880000)
 ParOldGen       total 292352K, used 292076K [0x0000000080000000, 0x0000000091d80000, 0x00000000d5580000)
  object space 292352K, 99% used [0x0000000080000000,0x0000000091d3b218,0x0000000091d80000)
 Metaspace       used 74832K, committed 76416K, reserved 1179648K
  class space    used 7936K, committed 8640K, reserved 1048576K
}
Event: 201.348 GC heap before
{Heap before GC invocations=386 (full 3):
 PSYoungGen      total 1536K, used 1215K [0x00000000d5580000, 0x00000000d5900000, 0x0000000100000000)
  eden space 1024K, 99% used [0x00000000d5580000,0x00000000d567fff8,0x00000000d5680000)
  from space 512K, 37% used [0x00000000d5880000,0x00000000d58b0000,0x00000000d5900000)
  to   space 512K, 0% used [0x00000000d5800000,0x00000000d5800000,0x00000000d5880000)
 ParOldGen       total 292352K, used 292076K [0x0000000080000000, 0x0000000091d80000, 0x00000000d5580000)
  object space 292352K, 99% used [0x0000000080000000,0x0000000091d3b218,0x0000000091d80000)
 Metaspace       used 74918K, committed 76544K, reserved 1179648K
  class space    used 7938K, committed 8640K, reserved 1048576K
}
Event: 201.357 GC heap after
{Heap after GC invocations=386 (full 3):
 PSYoungGen      total 1536K, used 352K [0x00000000d5580000, 0x00000000d5900000, 0x0000000100000000)
  eden space 1024K, 0% used [0x00000000d5580000,0x00000000d5580000,0x00000000d5680000)
  from space 512K, 68% used [0x00000000d5800000,0x00000000d5858020,0x00000000d5880000)
  to   space 512K, 0% used [0x00000000d5880000,0x00000000d5880000,0x00000000d5900000)
 ParOldGen       total 292352K, used 292108K [0x0000000080000000, 0x0000000091d80000, 0x00000000d5580000)
  object space 292352K, 99% used [0x0000000080000000,0x0000000091d43218,0x0000000091d80000)
 Metaspace       used 74918K, committed 76544K, reserved 1179648K
  class space    used 7938K, committed 8640K, reserved 1048576K
}
Event: 203.321 GC heap before
{Heap before GC invocations=387 (full 3):
 PSYoungGen      total 1536K, used 1376K [0x00000000d5580000, 0x00000000d5900000, 0x0000000100000000)
  eden space 1024K, 99% used [0x00000000d5580000,0x00000000d567fff0,0x00000000d5680000)
  from space 512K, 68% used [0x00000000d5800000,0x00000000d5858020,0x00000000d5880000)
  to   space 512K, 0% used [0x00000000d5880000,0x00000000d5880000,0x00000000d5900000)
 ParOldGen       total 292352K, used 292108K [0x0000000080000000, 0x0000000091d80000, 0x00000000d5580000)
  object space 292352K, 99% used [0x0000000080000000,0x0000000091d43218,0x0000000091d80000)
 Metaspace       used 74932K, committed 76544K, reserved 1179648K
  class space    used 7939K, committed 8640K, reserved 1048576K
}
Event: 203.381 GC heap after
{Heap after GC invocations=387 (full 3):
 PSYoungGen      total 1536K, used 288K [0x00000000d5580000, 0x00000000d5900000, 0x0000000100000000)
  eden space 1024K, 0% used [0x00000000d5580000,0x00000000d5580000,0x00000000d5680000)
  from space 512K, 56% used [0x00000000d5880000,0x00000000d58c8000,0x00000000d5900000)
  to   space 512K, 0% used [0x00000000d5800000,0x00000000d5800000,0x00000000d5880000)
 ParOldGen       total 292352K, used 292276K [0x0000000080000000, 0x0000000091d80000, 0x00000000d5580000)
  object space 292352K, 99% used [0x0000000080000000,0x0000000091d6d238,0x0000000091d80000)
 Metaspace       used 74932K, committed 76544K, reserved 1179648K
  class space    used 7939K, committed 8640K, reserved 1048576K
}
Event: 311.381 GC heap before
{Heap before GC invocations=388 (full 3):
 PSYoungGen      total 1536K, used 1307K [0x00000000d5580000, 0x00000000d5900000, 0x0000000100000000)
  eden space 1024K, 99% used [0x00000000d5580000,0x00000000d567eeb8,0x00000000d5680000)
  from space 512K, 56% used [0x00000000d5880000,0x00000000d58c8000,0x00000000d5900000)
  to   space 512K, 0% used [0x00000000d5800000,0x00000000d5800000,0x00000000d5880000)
 ParOldGen       total 292352K, used 292276K [0x0000000080000000, 0x0000000091d80000, 0x00000000d5580000)
  object space 292352K, 99% used [0x0000000080000000,0x0000000091d6d238,0x0000000091d80000)
 Metaspace       used 75038K, committed 76608K, reserved 1179648K
  class space    used 7953K, committed 8640K, reserved 1048576K
}
Event: 311.484 GC heap after
{Heap after GC invocations=388 (full 3):
 PSYoungGen      total 1536K, used 288K [0x00000000d5580000, 0x00000000d5900000, 0x0000000100000000)
  eden space 1024K, 0% used [0x00000000d5580000,0x00000000d5580000,0x00000000d5680000)
  from space 512K, 56% used [0x00000000d5800000,0x00000000d5848000,0x00000000d5880000)
  to   space 512K, 0% used [0x00000000d5880000,0x00000000d5880000,0x00000000d5900000)
 ParOldGen       total 292864K, used 292372K [0x0000000080000000, 0x0000000091e00000, 0x00000000d5580000)
  object space 292864K, 99% used [0x0000000080000000,0x0000000091d85238,0x0000000091e00000)
 Metaspace       used 75038K, committed 76608K, reserved 1179648K
  class space    used 7953K, committed 8640K, reserved 1048576K
}
Event: 314.113 GC heap before
{Heap before GC invocations=389 (full 3):
 PSYoungGen      total 1536K, used 1312K [0x00000000d5580000, 0x00000000d5900000, 0x0000000100000000)
  eden space 1024K, 100% used [0x00000000d5580000,0x00000000d5680000,0x00000000d5680000)
  from space 512K, 56% used [0x00000000d5800000,0x00000000d5848000,0x00000000d5880000)
  to   space 512K, 0% used [0x00000000d5880000,0x00000000d5880000,0x00000000d5900000)
 ParOldGen       total 292864K, used 292372K [0x0000000080000000, 0x0000000091e00000, 0x00000000d5580000)
  object space 292864K, 99% used [0x0000000080000000,0x0000000091d85238,0x0000000091e00000)
 Metaspace       used 75201K, committed 76928K, reserved 1179648K
  class space    used 7965K, committed 8704K, reserved 1048576K
}
Event: 314.117 GC heap after
{Heap after GC invocations=389 (full 3):
 PSYoungGen      total 1536K, used 224K [0x00000000d5580000, 0x00000000d5900000, 0x0000000100000000)
  eden space 1024K, 0% used [0x00000000d5580000,0x00000000d5580000,0x00000000d5680000)
  from space 512K, 43% used [0x00000000d5880000,0x00000000d58b8000,0x00000000d5900000)
  to   space 512K, 0% used [0x00000000d5800000,0x00000000d5800000,0x00000000d5880000)
 ParOldGen       total 292864K, used 292452K [0x0000000080000000, 0x0000000091e00000, 0x00000000d5580000)
  object space 292864K, 99% used [0x0000000080000000,0x0000000091d99238,0x0000000091e00000)
 Metaspace       used 75201K, committed 76928K, reserved 1179648K
  class space    used 7965K, committed 8704K, reserved 1048576K
}

